

times in msec
 clock   self+sourced   self:  sourced script
 clock   elapsed:              other lines

000.022  000.022: --- NVIM STARTING ---
000.180  000.158: event init
000.362  000.182: early init
000.374  000.012: locale set
000.510  000.136: init first window
001.148  000.639: inits 1
001.290  000.142: window checked
001.297  000.006: parsing arguments
003.222  000.845  000.845: require('vim.shared')
005.103  000.764  000.764: require('vim._options')
005.109  001.879  001.115: require('vim._editor')
005.113  003.020  000.296: require('vim._init_packages')
005.120  000.804: init lua interpreter
007.005  001.885: expanding arguments
007.073  000.068: inits 2
007.605  000.532: init highlight
007.609  000.004: waiting for UI
007.917  000.308: done waiting for UI
007.933  000.016: clear screen
008.275  000.343: init default mappings & autocommands
012.649  000.385  000.385: sourcing /data/data/com.termux/files/usr/share/nvim/runtime/ftplugin.vim
013.289  000.288  000.288: sourcing /data/data/com.termux/files/usr/share/nvim/runtime/indent.vim
013.927  000.298  000.298: sourcing $VIM/sysinit.vim
055.900  000.746  000.746: sourcing /data/data/com.termux/files/usr/share/nvim/runtime/filetype.lua
056.026  000.037  000.037: sourcing /data/data/com.termux/files/usr/share/nvim/runtime/ftplugin.vim
056.166  041.570  040.787: require('lua/settings')
057.910  000.126  000.126: require('vim.keymap')
058.401  002.229  002.103: require('lua/keymaps')
063.300  003.315  003.315: require('lazy')
063.369  000.036  000.036: require('ffi')
064.109  000.733  000.733: require('vim.loader')
066.459  000.423  000.423: require('vim.fs')
068.539  002.539  002.115: require('lazy.stats')
070.047  001.445  001.445: require('lazy.core.util')
071.886  001.832  001.832: require('lazy.core.config')
074.333  001.284  001.284: require('lazy.core.handler')
075.268  000.929  000.929: require('lazy.core.plugin')
075.282  003.390  001.178: require('lazy.core.loader')
082.216  002.307  002.307: require('lazy.core.handler.event')
083.423  001.188  001.188: require('lazy.core.handler.keys')
084.524  001.090  001.090: require('lazy.core.handler.cmd')
085.452  000.919  000.919: require('lazy.core.handler.ft')
086.214  000.544  000.544: require('vim.inspect')
088.663  002.082  002.082: sourcing /data/data/com.termux/files/usr/share/nvim/runtime/filetype.lua
094.649  002.731  002.731: require('catppuccin')
097.435  001.531  001.531: require('catppuccin.lib.hashing')
107.322  005.253  005.253: sourcing /data/data/com.termux/files/home/.local/share/nvim/lazy/catppuccin/colors/catppuccin.vim
107.363  017.376  007.861: require('plugins/catppuccin')
112.520  001.050  001.050: require('windline.themes')
113.429  000.888  000.888: require('windline.utils')
114.423  000.987  000.987: require('windline.component')
115.151  000.723  000.723: require('windline.click_utils')
115.169  005.635  001.987: require('windline')
119.463  000.808  000.808: require('wlanimation.hsl')
119.470  001.682  000.874: require('wlanimation.utils')
119.477  002.602  000.920: require('wlanimation.highlight_anim')
120.355  000.874  000.874: require('wlanimation.basic_anim')
120.371  004.427  000.952: require('wlanimation.animation')
120.413  005.241  000.813: require('wlanimation')
121.172  000.754  000.754: require('wlanimation.effects')
126.231  000.771  000.771: require('windline.helpers')
126.969  000.730  000.730: require('windline.cache_utils')
127.013  002.412  000.911: require('wltabline')
146.579  000.803  000.803: require('windline.themes.wind')
147.156  039.586  024.742: require('plugins/windline')
157.842  002.090  002.090: sourcing /data/data/com.termux/files/home/.local/share/nvim/lazy/clangd_extensions.nvim/plugin/clangd_extensions.lua
169.296  007.204  007.204: require('vim.filetype')
174.529  000.731  000.731: require('luasnip.util.types')
174.542  001.833  001.102: require('luasnip.util.ext_opts')
177.246  000.853  000.853: require('luasnip.util.lazy_table')
178.247  000.995  000.995: require('luasnip.extras.filetype_functions')
178.276  002.787  000.939: require('luasnip.default_config')
178.311  003.764  000.977: require('luasnip.session')
178.318  008.700  003.103: require('luasnip.config')
180.337  000.861  000.861: require('luasnip.util.util')
182.497  000.803  000.803: require('luasnip.nodes.key_indexer')
182.514  002.171  001.368: require('luasnip.nodes.util')
184.410  000.728  000.728: require('luasnip.session.snippet_collection.source')
185.165  000.749  000.749: require('luasnip.util.table')
185.932  000.761  000.761: require('luasnip.util.auto_table')
185.946  003.428  001.189: require('luasnip.session.snippet_collection')
188.413  000.741  000.741: require('luasnip.util.select')
189.127  000.708  000.708: require('luasnip.util.time')
189.547  002.868  001.418: require('luasnip.util._builtin_vars')
189.728  003.777  000.909: require('luasnip.util.environ')
190.547  000.814  000.814: require('luasnip.util.extend_decorator')
192.475  000.945  000.945: require('luasnip.util.path')
194.500  001.075  001.075: require('luasnip.util.log')
194.512  002.031  000.956: require('luasnip.loaders.util')
195.471  000.119  000.119: require('vim.F')
195.482  000.965  000.845: require('luasnip.loaders.data')
196.938  001.453  001.453: require('luasnip.loaders.fs_watchers')
196.958  006.405  001.011: require('luasnip.loaders')
197.131  018.798  001.342: require('luasnip')
197.279  035.903  001.202: sourcing /data/data/com.termux/files/home/.local/share/nvim/lazy/LuaSnip/plugin/luasnip.lua
198.844  001.358  001.358: sourcing /data/data/com.termux/files/home/.local/share/nvim/lazy/LuaSnip/plugin/luasnip.vim
201.368  002.451  002.451: require('plugins/luasnip')
208.532  001.500  001.500: require('nvim-autopairs._log')
209.463  000.922  000.922: require('nvim-autopairs.utils')
212.727  001.000  001.000: require('nvim-autopairs.conds')
212.749  002.002  001.002: require('nvim-autopairs.rule')
212.760  003.290  001.288: require('nvim-autopairs.rules.basic')
212.798  008.575  002.864: require('nvim-autopairs')
213.554  010.919  002.343: require('plugins/autopairs')
218.621  001.950  001.950: require('cmp.utils.api')
220.842  000.788  000.788: require('cmp.types.cmp')
223.055  000.970  000.970: require('cmp.utils.misc')
223.136  002.286  001.317: require('cmp.types.lsp')
223.947  000.806  000.806: require('cmp.types.vim')
223.953  005.326  001.446: require('cmp.types')
225.163  001.205  001.205: require('cmp.utils.highlight')
228.102  001.511  001.511: require('cmp.utils.debug')
228.125  002.957  001.446: require('cmp.utils.autocmd')
229.027  013.792  002.354: sourcing /data/data/com.termux/files/home/.local/share/nvim/lazy/nvim-cmp/plugin/cmp.lua
235.274  001.961  001.961: require('luasnip.session.enqueueable_operations')
236.355  001.064  001.064: require('luasnip.util.jsonc')
241.186  000.791  000.791: require('luasnip.util.events')
241.210  001.797  001.006: require('luasnip.nodes.node')
242.157  000.941  000.941: require('luasnip.nodes.insertNode')
243.066  000.903  000.903: require('luasnip.nodes.textNode')
243.862  000.789  000.789: require('luasnip.util.mark')
244.590  000.722  000.722: require('luasnip.util.pattern_tokenizer')
245.324  000.727  000.727: require('luasnip.util.dict')
248.939  002.600  002.600: require('luasnip.util.jsregexp')
248.948  003.617  001.017: require('luasnip.nodes.util.trig_engines')
249.020  010.828  001.332: require('luasnip.nodes.snippet')
249.029  011.767  000.940: require('luasnip.nodes.duplicate')
249.035  012.672  000.904: require('luasnip.loaders.snippet_cache')
249.052  017.678  001.982: require('luasnip.loaders.from_vscode')
298.778  000.965  000.965: require('cmp.utils.char')
298.804  002.122  001.157: require('cmp.utils.str')
301.329  000.736  000.736: require('cmp.utils.buffer')
301.342  001.766  001.030: require('cmp.utils.keymap')
301.351  002.542  000.776: require('cmp.utils.feedkeys')
304.219  001.294  001.294: require('cmp.config.mapping')
305.176  000.951  000.951: require('cmp.utils.cache')
306.726  000.811  000.811: require('cmp.config.compare')
306.733  001.549  000.738: require('cmp.config.default')
306.769  004.599  000.805: require('cmp.config')
306.829  005.473  000.874: require('cmp.utils.async')
308.671  000.743  000.743: require('cmp.utils.pattern')
308.681  001.814  001.071: require('cmp.context')
311.499  001.062  001.062: require('cmp.matcher')
311.514  001.995  000.933: require('cmp.entry')
311.529  002.845  000.850: require('cmp.source')
313.591  001.038  001.038: require('cmp.utils.event')
316.483  000.710  000.710: require('cmp.utils.options')
316.500  001.526  000.816: require('cmp.utils.window')
316.506  002.908  001.383: require('cmp.view.docs_view')
317.421  000.911  000.911: require('cmp.view.custom_entries_view')
318.386  000.959  000.959: require('cmp.view.wildmenu_entries_view')
319.591  001.199  001.199: require('cmp.view.native_entries_view')
320.550  000.953  000.953: require('cmp.view.ghost_text_view')
320.571  009.038  001.069: require('cmp.view')
320.732  025.554  001.720: require('cmp.core')
321.986  000.883  000.883: require('cmp.config.sources')
322.734  000.741  000.741: require('cmp.config.window')
322.913  030.808  003.630: require('cmp')
324.164  001.244  001.244: require('lspkind')
327.191  001.168  001.168: require('nvim-autopairs.completion.handlers')
327.225  002.469  001.301: require('nvim-autopairs.completion.cmp')
327.245  098.102  045.903: require('plugins/cmp')
330.832  000.358  000.358: sourcing /data/data/com.termux/files/home/.local/share/nvim/lazy/nvim-web-devicons/plugin/nvim-web-devicons.vim
337.132  001.098  001.098: require('barbecue.config.template')
337.148  002.157  001.059: require('barbecue.config')
342.062  002.674  002.674: require('nvim-web-devicons.icons-default')
342.298  004.170  001.496: require('nvim-web-devicons')
343.949  001.643  001.643: require('barbecue.utils')
343.972  006.819  001.006: require('barbecue.theme')
346.035  001.232  001.232: require('barbecue.ui.entry')
346.948  000.906  000.906: require('barbecue.ui.state')
350.498  001.067  001.067: require('nvim-navic.lib')
350.518  002.618  001.551: require('nvim-navic')
350.530  003.576  000.958: require('barbecue.ui.components')
350.539  006.562  000.849: require('barbecue.ui')
351.884  001.341  001.341: require('barbecue.autocmd')
351.892  019.687  002.808: require('barbecue')
355.951  001.759  001.759: require('catppuccin.utils.barbecue')
357.848  001.889  001.889: require('catppuccin.palettes')
358.880  001.026  001.026: require('catppuccin.palettes.mocha')
361.801  001.961  001.961: require('vim.version')
367.385  036.417  010.095: require('plugins/barbecue')
372.491  002.819  002.819: require('reactive.commands')
373.346  000.845  000.845: require('reactive.highlight')
374.963  000.839  000.839: require('reactive.util')
374.985  001.633  000.794: require('reactive.snapshot')
376.678  000.787  000.787: require('reactive.preset')
376.690  001.645  000.858: require('reactive.state')
377.793  008.786  001.844: sourcing /data/data/com.termux/files/home/.local/share/nvim/lazy/reactive.nvim/plugin/reactive.lua
380.158  000.605  000.605: require('reactive')
380.407  002.533  001.928: require('plugins/reactive')
385.422  003.878  003.878: sourcing /data/data/com.termux/files/home/.local/share/nvim/lazy/nerdcommenter/plugin/nerdcommenter.vim
387.490  002.000  002.000: require('plugins/commenter')
391.445  000.305  000.305: sourcing /data/data/com.termux/files/home/.local/share/nvim/lazy/plenary.nvim/plugin/plenary.vim
398.017  001.306  001.306: sourcing /data/data/com.termux/files/home/.local/share/nvim/lazy/telescope.nvim/plugin/telescope.lua
403.068  003.709  003.709: require('telescope.builtin')
406.725  002.525  002.525: require('telescope._extensions')
406.744  003.625  001.100: require('telescope')
412.084  000.822  000.822: require('plenary.bit')
412.851  000.758  000.758: require('plenary.functional')
412.931  002.976  001.396: require('plenary.path')
413.829  000.893  000.893: require('plenary.job')
415.633  000.921  000.921: require('plenary.log')
415.673  001.838  000.917: require('telescope.log')
416.517  000.839  000.839: require('plenary.strings')
417.492  000.969  000.969: require('telescope.state')
417.509  008.642  001.127: require('telescope.utils')
417.546  009.530  000.888: require('telescope.previewers.previewer')
420.654  001.033  001.033: require('telescope.deprecated')
421.725  001.065  001.065: require('telescope.sorters')
425.330  006.837  004.740: require('telescope.config')
426.934  001.595  001.595: require('telescope.from_entry')
427.367  009.816  001.384: require('telescope.previewers.term_previewer')
430.511  000.766  000.766: require('plenary.context_manager')
443.825  000.968  000.968: require('vim.treesitter.language')
443.886  002.004  001.036: require('vim.treesitter.query')
444.962  001.071  001.071: require('vim.treesitter._range')
444.985  004.197  001.122: require('vim.treesitter.languagetree')
445.029  005.280  001.083: require('vim.treesitter')
447.576  009.282  004.002: require('nvim-treesitter.parsers')
449.297  001.706  001.706: require('nvim-treesitter.utils')
449.327  012.106  001.118: require('nvim-treesitter.ts_utils')
452.473  000.924  000.924: require('nvim-treesitter.compat')
453.435  000.953  000.953: require('nvim-treesitter.tsrange')
454.334  000.892  000.892: require('nvim-treesitter.caching')
454.373  003.987  001.218: require('nvim-treesitter.query')
454.432  005.099  001.112: require('nvim-treesitter.configs')
455.389  000.952  000.952: require('nvim-ts-autotag._log')
456.202  000.805  000.805: require('nvim-ts-autotag.utils')
456.286  020.290  001.327: require('nvim-ts-autotag.internal')
456.294  022.829  002.540: require('nvim-ts-autotag')
459.611  001.353  001.353: require('nvim-treesitter.info')
460.707  001.087  001.087: require('nvim-treesitter.shell_command_selectors')
460.815  003.798  001.358: require('nvim-treesitter.install')
461.731  000.910  000.910: require('nvim-treesitter.statusline')
462.665  000.928  000.928: require('nvim-treesitter.query_predicates')
462.673  006.375  000.738: require('nvim-treesitter')
462.701  029.524  000.319: sourcing /data/data/com.termux/files/home/.local/share/nvim/lazy/nvim-ts-autotag/plugin/nvim-ts-autotag.vim
464.858  001.318  001.318: sourcing /data/data/com.termux/files/home/.local/share/nvim/lazy/nvim-treesitter/plugin/nvim-treesitter.lua
480.451  015.530  015.530: require('plugins/treesitter')
480.474  049.953  003.581: require('nvim-treesitter')
480.492  051.946  001.227: require('telescope.previewers.utils')
490.283  009.785  009.785: require('plenary.filetype')
493.727  003.426  003.426: require('plenary.scandir')
494.081  066.707  001.550: require('telescope.previewers.buffer_previewer')
494.123  087.373  001.320: require('telescope.previewers')
501.519  001.230  001.230: require('telescope.actions.state')
501.551  003.960  002.730: require('telescope._extensions.file_browser.utils')
505.342  001.163  001.163: require('plenary.window.border')
506.173  000.823  000.823: require('plenary.window')
506.919  000.739  000.739: require('plenary.popup.utils')
506.929  004.065  001.339: require('plenary.popup')
508.174  001.241  001.241: require('telescope.pickers.scroller')
509.214  001.034  001.034: require('telescope.actions.utils')
511.027  000.926  000.926: require('telescope.actions.mt')
511.063  001.844  000.918: require('telescope.actions.set')
513.028  001.058  001.058: require('telescope.config.resolve')
513.036  001.968  000.910: require('telescope.pickers.entry_display')
513.423  011.868  001.717: require('telescope.actions')
517.806  000.711  000.711: require('plenary.tbl')
517.816  001.505  000.795: require('plenary.vararg.rotate')
517.821  002.498  000.993: require('plenary.vararg')
518.599  000.775  000.775: require('plenary.errors')
518.610  004.039  000.766: require('plenary.async.async')
521.573  000.750  000.750: require('plenary.async.structs')
521.588  001.508  000.758: require('plenary.async.control')
521.600  002.253  000.745: require('plenary.async.util')
521.606  002.991  000.738: require('plenary.async.tests')
521.611  008.179  001.149: require('plenary.async')
521.724  027.592  003.586: require('telescope._extensions.file_browser.actions')
522.712  000.983  000.983: require('telescope-undo.actions')
526.553  001.660  001.660: require('telescope._extensions.frecency')
528.949  000.751  000.751: require('frecency.os_util')
528.987  002.397  001.646: require('frecency.config')
532.678  001.338  001.338: require('telescope.make_entry')
533.846  001.161  001.161: require('telescope.finders.async_static_finder')
536.706  000.886  000.886: require('plenary.class')
536.734  002.012  001.125: require('telescope._')
536.740  002.888  000.876: require('telescope.finders.async_oneshot_finder')
537.681  000.938  000.938: require('telescope.finders.async_job_finder')
537.693  007.447  001.123: require('telescope.finders')
540.470  001.115  001.115: require('telescope.debounce')
541.525  001.048  001.048: require('telescope.mappings')
542.554  001.021  001.021: require('telescope.pickers.highlights')
543.496  000.935  000.935: require('telescope.pickers.window')
545.722  001.180  001.180: require('telescope.algos.linked_list')
545.733  002.231  001.051: require('telescope.entry_manager')
546.544  000.807  000.807: require('telescope.pickers.multi')
546.581  008.884  001.726: require('telescope.pickers')
561.839  015.252  015.252: require('telescope-glyph')
561.875  032.669  001.087: require('telescope._extensions.glyph')
567.367  001.104  001.104: require('telescope._extensions.file_browser.git')
568.509  001.130  001.130: require('telescope._extensions.file_browser.fs_stat')
568.522  003.433  001.199: require('telescope._extensions.file_browser.make_entry')
568.602  004.653  001.220: require('telescope._extensions.file_browser.finders')
569.519  000.912  000.912: require('telescope._extensions.file_browser.picker')
570.488  000.962  000.962: require('telescope._extensions.file_browser.config')
570.500  008.523  001.996: require('telescope._extensions.file_browser')
571.936  001.214  001.214: require('telescope._extensions.undo')
574.717  000.798  000.798: require('ascii.utils')
589.535  003.141  003.141: require('nui.object')
599.730  007.200  007.200: require('nui.utils')
599.783  008.672  001.472: require('nui.text')
599.803  010.247  001.575: require('nui.line')
599.882  018.176  004.789: require('nui.popup.border')
601.639  001.750  001.750: require('nui.utils.buf_storage')
602.702  001.056  001.056: require('nui.utils.autocmd')
603.643  000.934  000.934: require('nui.utils.keymap')
604.692  001.043  001.043: require('nui.layout.utils')
604.733  026.852  003.893: require('nui.popup')
607.650  000.787  000.787: require('nui.tree.util')
607.718  001.954  001.167: require('nui.tree')
607.747  003.008  001.055: require('nui.menu')
610.361  000.761  000.761: require('ascii.animals.dogs')
611.222  000.856  000.856: require('ascii.animals.cats')
611.984  000.756  000.756: require('ascii.animals.lions')
612.780  000.790  000.790: require('ascii.animals.pandas')
612.787  004.137  000.975: require('ascii.animals')
615.207  001.442  001.442: require('ascii.anime.onepiece')
615.214  002.423  000.981: require('ascii.anime')
617.101  000.829  000.829: require('ascii.text.slogons')
617.873  000.766  000.766: require('ascii.text.doom')
618.773  000.894  000.894: require('ascii.text.neovim')
618.780  003.562  001.073: require('ascii.text')
620.747  000.821  000.821: require('ascii.misc.skulls')
621.613  000.860  000.860: require('ascii.misc.krakens')
622.359  000.740  000.740: require('ascii.misc.hydra')
622.366  003.582  001.160: require('ascii.misc')
624.100  000.751  000.751: require('ascii.gaming.pacman')
624.876  000.770  000.770: require('ascii.gaming.undertale')
625.760  000.878  000.878: require('ascii.gaming.doom')
625.768  003.397  000.998: require('ascii.gaming')
627.587  000.852  000.852: require('ascii.planets.planets')
627.593  001.821  000.969: require('ascii.planets')
629.492  000.865  000.865: require('ascii.movies.starwars')
629.499  001.901  001.036: require('ascii.movies')
630.569  001.065  001.065: require('ascii.custom')
630.579  022.826  000.939: require('ascii.art')
630.589  055.866  003.179: require('ascii.ui')
630.600  057.701  001.037: require('ascii')
630.616  058.580  000.879: require('telescope._extensions.ascii')
630.630  232.551  004.224: require('plugins/telescope')
637.678  001.293  001.293: require('ibl.utils')
637.697  002.196  000.903: require('ibl.config')
638.683  000.981  000.981: require('ibl.indent')
638.697  006.288  003.111: require('ibl.hooks')
640.525  000.879  000.879: require('ibl.highlights')
641.310  000.779  000.779: require('ibl.autocmds')
642.085  000.769  000.769: require('ibl.inlay_hints')
642.940  000.849  000.849: require('ibl.virt_text')
645.178  001.401  001.401: require('ibl.scope_languages')
645.186  002.241  000.840: require('ibl.scope')
645.201  006.423  000.906: require('ibl')
649.920  001.071  001.071: require('vim.lsp.log')
651.434  001.507  001.507: require('vim.lsp.protocol')
654.024  000.971  000.971: require('vim.lsp._snippet')
654.857  000.824  000.824: require('vim.highlight')
654.891  003.449  001.654: require('vim.lsp.util')
654.919  007.493  001.467: require('vim.lsp.handlers')
655.915  000.991  000.991: require('vim.lsp.rpc')
657.344  001.423  001.423: require('vim.lsp.sync')
658.532  001.176  001.176: require('vim.lsp.semantic_tokens')
659.735  001.194  001.194: require('vim.lsp.buf')
660.992  001.250  001.250: require('vim.lsp.diagnostic')
661.837  000.839  000.839: require('vim.lsp.codelens')
661.962  016.563  002.196: require('vim.lsp')
662.286  030.715  001.440: require('plugins/ibl')
670.185  000.956  000.956: require('outline.preview')
673.323  001.241  001.241: require('outline.utils')
673.352  002.345  001.104: require('outline.config')
674.296  000.939  000.939: require('outline.highlight')
674.305  004.111  000.828: require('outline.view')
675.161  000.852  000.852: require('outline.folding')
676.916  000.961  000.961: require('outline.utils.lsp')
677.764  000.843  000.843: require('outline.symbols')
677.889  000.115  000.115: require('outline.utils.init')
677.896  002.729  000.810: require('outline.parser')
678.824  000.925  000.925: require('outline.providers.init')
678.847  010.927  001.354: require('outline.sidebar')
678.868  014.644  003.717: require('outline')
682.045  019.395  004.751: require('plugins/outline')
687.830  003.757  003.757: require('mini.map')
690.078  002.237  002.237: require('mini.indentscope')
692.007  001.486  001.486: require('vim.diagnostic')
692.284  009.956  002.477: require('plugins/mini')
697.102  003.008  003.008: require('cinnamon')
697.864  000.753  000.753: require('cinnamon.config')
698.646  000.775  000.775: require('cinnamon.utils')
699.291  006.764  002.228: require('plugins/cinnamon')
702.518  000.687  000.687: sourcing /data/data/com.termux/files/home/.local/share/nvim/lazy/nvim-lspconfig/plugin/lspconfig.lua
707.490  000.848  000.848: require('cmp_nvim_lsp.source')
707.502  003.801  002.952: require('cmp_nvim_lsp')
710.240  001.103  001.103: require('lspconfig.util')
711.183  000.936  000.936: require('lspconfig.async')
711.193  003.081  001.041: require('lspconfig.configs')
711.199  003.686  000.606: require('lspconfig')
712.982  001.777  001.777: require('lspconfig.server_configurations.tsserver')
716.342  001.038  001.038: require('lspconfig.manager')
717.178  000.825  000.825: require('lspconfig.server_configurations.cssls')
718.306  000.966  000.966: require('lspconfig.server_configurations.html')
719.671  001.200  001.200: require('lspconfig.server_configurations.emmet_language_server')
720.929  001.060  001.060: require('lspconfig.server_configurations.clangd')
722.588  001.260  001.260: require('lspconfig.server_configurations.lua_ls')
724.543  001.062  001.062: require('lspconfig.server_configurations.pylsp')
724.892  022.226  005.552: require('plugins/lsp')
726.480  000.731  000.731: sourcing /data/data/com.termux/files/home/.local/share/nvim/lazy/nvim-colorizer.lua/plugin/colorizer.lua
732.908  000.755  000.755: require('colorizer.color')
734.802  001.125  001.125: require('colorizer.trie')
736.858  000.888  000.888: require('colorizer.utils')
736.868  002.059  001.170: require('colorizer.parser.names')
737.863  000.990  000.990: require('colorizer.parser.rgb')
738.604  000.735  000.735: require('colorizer.parser.hsl')
739.357  000.747  000.747: require('colorizer.parser.argb_hex')
740.147  000.757  000.757: require('colorizer.parser.rgba_hex')
740.958  000.804  000.804: require('colorizer.sass')
740.966  008.050  000.833: require('colorizer.matcher')
741.738  000.767  000.767: require('colorizer.tailwind')
741.751  010.427  000.855: require('colorizer.buffer')
741.767  013.781  003.354: require('colorizer')
741.845  015.240  001.459: require('plugins/colorizer')
746.719  000.751  000.751: require('muren.api')
746.728  003.552  002.801: require('muren')
747.653  000.919  000.919: require('muren.options')
747.721  005.573  001.102: require('plugins/muren')
756.293  001.064  001.064: require('fidget.spinner.patterns')
756.301  001.814  000.750: require('fidget.spinner')
757.098  000.790  000.790: require('fidget.options')
757.114  003.687  001.083: require('fidget.progress.display')
759.358  001.135  001.135: require('fidget.logger')
759.374  002.255  001.120: require('fidget.progress.lsp')
763.932  001.206  001.206: require('fidget.poll')
763.946  002.520  001.314: require('fidget.notification.model')
765.283  001.333  001.333: require('fidget.notification.window')
766.420  001.131  001.131: require('fidget.notification.view')
766.468  005.969  000.985: require('fidget.notification')
766.479  007.102  001.133: require('fidget.progress.handle')
766.509  013.949  000.906: require('fidget.progress')
767.859  001.343  001.343: require('fidget.commands')
770.042  001.170  001.170: require('fidget.integration.nvim-tree')
771.201  001.153  001.153: require('fidget.integration.xcodebuild-nvim')
771.223  003.355  001.032: require('fidget.integration')
771.240  022.066  003.419: require('fidget')
772.596  024.668  002.601: require('plugins/fidget')
780.055  000.988  000.988: require('vim.ui')
780.068  001.842  000.854: require('dressing.patch')
780.076  005.326  003.484: require('dressing')
780.111  006.060  000.733: sourcing /data/data/com.termux/files/home/.local/share/nvim/lazy/dressing.nvim/plugin/dressing.lua
782.278  001.138  001.138: require('dressing.config')
782.318  002.107  000.969: require('plugins/dressing')
789.962  000.719  000.719: require('intro.text')
790.948  000.976  000.976: require('intro.highlights')
790.960  002.624  000.929: require('intro.renderer')
790.965  006.226  003.602: require('intro')
793.932  001.082  001.082: require('luasnip.util.directed_graph')
793.960  002.309  001.228: require('luasnip.loaders.from_lua')
795.181  001.213  001.213: require('luasnip.loaders.from_snipmate')
800.705  001.077  001.077: require('frecency.file_lock')
801.522  000.806  000.806: require('frecency.wait')
802.526  000.998  000.998: require('frecency.watcher')
802.542  004.046  001.165: require('frecency.database')
803.390  000.844  000.844: require('frecency.entry_maker')
804.373  000.978  000.978: require('frecency.fs')
806.557  000.977  000.977: require('frecency.state')
807.795  001.232  001.232: require('frecency.finder')
809.066  001.264  001.264: require('frecency.sorters')
809.086  004.707  001.233: require('frecency.picker')
809.910  000.819  000.819: require('frecency.recency')
810.796  000.881  000.881: require('frecency.web_devicons')
810.814  014.425  002.151: require('frecency')
812.551  001.104  001.104: require('plenary.async.uv_async')
904.606  121.128  095.851: require('plugins/intro')
911.441  001.138  001.138: require('gitsigns.async')
915.040  003.587  003.587: require('gitsigns.config')
917.574  002.513  002.513: require('gitsigns.debug.log')
917.647  010.967  003.730: require('gitsigns')
917.915  012.831  001.864: require('plugins/gitsigns')
928.306  002.761  002.761: require('toggleterm.lazy')
929.654  001.325  001.325: require('toggleterm.constants')
932.488  002.796  002.796: require('toggleterm.terminal')
932.573  012.065  005.184: require('toggleterm')
936.555  001.892  001.892: require('toggleterm.colors')
937.767  001.194  001.194: require('toggleterm.utils')
937.857  005.203  002.117: require('toggleterm.config')
944.956  001.772  001.772: require('toggleterm.commandline')
945.018  026.040  006.999: require('plugins/toggleterm')
951.007  000.886  000.886: require('guess-indent.utils')
951.809  000.767  000.767: require('guess-indent.config')
951.818  005.394  003.742: require('guess-indent')
951.902  006.607  001.213: require('plugins/guessIndent')
953.663  000.672  000.672: sourcing /data/data/com.termux/files/usr/share/nvim/runtime/plugin/editorconfig.lua
954.263  000.510  000.510: sourcing /data/data/com.termux/files/usr/share/nvim/runtime/plugin/gzip.vim
954.672  000.315  000.315: sourcing /data/data/com.termux/files/usr/share/nvim/runtime/plugin/health.vim
955.327  000.567  000.567: sourcing /data/data/com.termux/files/usr/share/nvim/runtime/plugin/man.lua
958.727  000.615  000.615: sourcing /data/data/com.termux/files/usr/share/nvim/runtime/pack/dist/opt/matchit/plugin/matchit.vim
958.880  003.456  002.841: sourcing /data/data/com.termux/files/usr/share/nvim/runtime/plugin/matchit.vim
959.554  000.527  000.527: sourcing /data/data/com.termux/files/usr/share/nvim/runtime/plugin/matchparen.vim
960.781  001.133  001.133: sourcing /data/data/com.termux/files/usr/share/nvim/runtime/plugin/netrwPlugin.vim
962.415  001.529  001.529: sourcing /data/data/com.termux/files/usr/share/nvim/runtime/plugin/nvim.lua
963.691  000.279  000.279: sourcing /data/data/com.termux/files/home/.local/share/nvim/rplugin.vim
963.709  001.190  000.911: sourcing /data/data/com.termux/files/usr/share/nvim/runtime/plugin/rplugin.vim
964.107  000.303  000.303: sourcing /data/data/com.termux/files/usr/share/nvim/runtime/plugin/shada.vim
964.473  000.253  000.253: sourcing /data/data/com.termux/files/usr/share/nvim/runtime/plugin/spellfile.vim
964.991  000.413  000.413: sourcing /data/data/com.termux/files/usr/share/nvim/runtime/plugin/tarPlugin.vim
965.724  000.628  000.628: sourcing /data/data/com.termux/files/usr/share/nvim/runtime/plugin/tohtml.vim
966.029  000.207  000.207: sourcing /data/data/com.termux/files/usr/share/nvim/runtime/plugin/tutor.vim
966.605  000.474  000.474: sourcing /data/data/com.termux/files/usr/share/nvim/runtime/plugin/zipPlugin.vim
968.685  000.687  000.687: sourcing /data/data/com.termux/files/home/.local/share/nvim/lazy/cmp-nvim-lsp/after/plugin/cmp_nvim_lsp.lua
969.806  000.574  000.574: sourcing /data/data/com.termux/files/home/.local/share/nvim/lazy/indent-blankline.nvim/after/plugin/commands.lua
971.864  000.997  000.997: require('cmp_luasnip')
971.961  001.685  000.688: sourcing /data/data/com.termux/files/home/.local/share/nvim/lazy/cmp_luasnip/after/plugin/cmp_luasnip.lua
975.724  000.871  000.871: require('cmp_treesitter.lru')
976.728  000.961  000.961: require('vim.uri')
976.752  002.677  000.844: require('cmp_treesitter.treesitter')
976.760  003.508  000.832: require('cmp_treesitter')
976.804  004.174  000.666: sourcing /data/data/com.termux/files/home/.local/share/nvim/lazy/cmp-treesitter/after/plugin/cmp_treesitter.lua
978.625  000.770  000.770: require('cmp_nvim_lua')
978.673  001.348  000.578: sourcing /data/data/com.termux/files/home/.local/share/nvim/lazy/cmp-nvim-lua/after/plugin/cmp_nvim_lua.lua
981.265  000.767  000.767: require('cmp_scss.items')
981.274  001.552  000.784: require('cmp_scss')
981.309  002.135  000.583: sourcing /data/data/com.termux/files/home/.local/share/nvim/lazy/cmp-scss/after/plugin/cmp_scss.lua
983.391  000.956  000.956: require('cmp_async_path')
983.428  001.561  000.605: sourcing /data/data/com.termux/files/home/.local/share/nvim/lazy/cmp-async-path/after/plugin/cmp_async_path.lua
985.304  000.866  000.866: require('cmp-spell')
985.339  001.429  000.563: sourcing /data/data/com.termux/files/home/.local/share/nvim/lazy/cmp-spell/after/plugin/cmp-spell.lua
989.577  000.745  000.745: require('cmp_buffer.timer')
989.588  001.547  000.802: require('cmp_buffer.buffer')
989.596  002.326  000.779: require('cmp_buffer.source')
989.601  003.168  000.843: require('cmp_buffer')
989.707  003.874  000.706: sourcing /data/data/com.termux/files/home/.local/share/nvim/lazy/cmp-buffer/after/plugin/cmp_buffer.lua
989.933  931.527  060.024: require('lua/plugins')
993.311  003.372  003.372: require('lua/override')
993.317  979.087  000.389: sourcing /data/data/com.termux/files/home/.config/nvim/init.lua
993.367  005.033: sourcing vimrc file(s)
996.973  000.385  000.385: sourcing /data/data/com.termux/files/usr/share/nvim/runtime/syntax/synload.vim
1002.605  008.031  007.646: sourcing /data/data/com.termux/files/usr/share/nvim/runtime/syntax/syntax.vim
1002.628  001.231: inits 3
1007.040  004.412: reading ShaDa
1007.066  000.026: opening buffers
1007.509  000.443: BufEnter autocommands
1007.518  000.008: editing files in windows
1008.768  001.251: VimEnter autocommands
1008.926  000.157: UIEnter autocommands
1008.931  000.005: before starting main loop
1015.505  006.575: first screen update
1015.520  000.015: --- NVIM STARTED ---


times in msec
 clock   self+sourced   self:  sourced script
 clock   elapsed:              other lines

000.027  000.027: --- NVIM STARTING ---
009.308  009.281: event init
010.715  001.407: early init
010.775  000.060: locale set
011.022  000.248: init first window
013.855  002.832: inits 1
013.891  000.036: window checked
013.898  000.007: parsing arguments
015.971  000.790  000.790: require('vim.shared')
017.829  000.747  000.747: require('vim._options')
017.834  001.856  001.108: require('vim._editor')
017.838  002.981  000.335: require('vim._init_packages')
017.859  000.980: init lua interpreter
019.744  001.885: expanding arguments
019.870  000.126: inits 2
020.411  000.541: init highlight
